mode: set
github.com/ihorallin/bookings/internal/handlers/handlers.go:28.62,33.2 1 1
github.com/ihorallin/bookings/internal/handlers/handlers.go:36.51,41.2 1 1
github.com/ihorallin/bookings/internal/handlers/handlers.go:44.33,46.2 1 1
github.com/ihorallin/bookings/internal/handlers/handlers.go:49.67,51.2 1 1
github.com/ihorallin/bookings/internal/handlers/handlers.go:54.68,57.2 1 1
github.com/ihorallin/bookings/internal/handlers/handlers.go:60.74,62.9 2 1
github.com/ihorallin/bookings/internal/handlers/handlers.go:62.9,66.3 3 1
github.com/ihorallin/bookings/internal/handlers/handlers.go:68.2,69.16 2 1
github.com/ihorallin/bookings/internal/handlers/handlers.go:69.16,73.3 3 1
github.com/ihorallin/bookings/internal/handlers/handlers.go:75.2,93.4 10 1
github.com/ihorallin/bookings/internal/handlers/handlers.go:97.78,99.16 2 1
github.com/ihorallin/bookings/internal/handlers/handlers.go:99.16,103.3 3 1
github.com/ihorallin/bookings/internal/handlers/handlers.go:105.2,113.16 5 1
github.com/ihorallin/bookings/internal/handlers/handlers.go:113.16,117.3 3 1
github.com/ihorallin/bookings/internal/handlers/handlers.go:119.2,120.16 2 1
github.com/ihorallin/bookings/internal/handlers/handlers.go:120.16,124.3 3 1
github.com/ihorallin/bookings/internal/handlers/handlers.go:126.2,127.16 2 1
github.com/ihorallin/bookings/internal/handlers/handlers.go:127.16,131.3 3 1
github.com/ihorallin/bookings/internal/handlers/handlers.go:141.2,158.19 6 1
github.com/ihorallin/bookings/internal/handlers/handlers.go:158.19,173.3 7 1
github.com/ihorallin/bookings/internal/handlers/handlers.go:175.2,176.16 2 1
github.com/ihorallin/bookings/internal/handlers/handlers.go:176.16,180.3 3 1
github.com/ihorallin/bookings/internal/handlers/handlers.go:182.2,191.16 3 1
github.com/ihorallin/bookings/internal/handlers/handlers.go:191.16,195.3 3 1
github.com/ihorallin/bookings/internal/handlers/handlers.go:197.2,199.66 2 1
github.com/ihorallin/bookings/internal/handlers/handlers.go:203.71,205.2 1 1
github.com/ihorallin/bookings/internal/handlers/handlers.go:208.69,210.2 1 1
github.com/ihorallin/bookings/internal/handlers/handlers.go:213.75,215.2 1 1
github.com/ihorallin/bookings/internal/handlers/handlers.go:218.79,220.16 2 1
github.com/ihorallin/bookings/internal/handlers/handlers.go:220.16,224.3 3 1
github.com/ihorallin/bookings/internal/handlers/handlers.go:226.2,231.16 5 1
github.com/ihorallin/bookings/internal/handlers/handlers.go:231.16,235.3 3 1
github.com/ihorallin/bookings/internal/handlers/handlers.go:236.2,237.16 2 1
github.com/ihorallin/bookings/internal/handlers/handlers.go:237.16,241.3 3 0
github.com/ihorallin/bookings/internal/handlers/handlers.go:243.2,244.16 2 1
github.com/ihorallin/bookings/internal/handlers/handlers.go:244.16,248.3 3 1
github.com/ihorallin/bookings/internal/handlers/handlers.go:250.2,250.21 1 1
github.com/ihorallin/bookings/internal/handlers/handlers.go:250.21,255.3 3 1
github.com/ihorallin/bookings/internal/handlers/handlers.go:257.2,269.4 5 1
github.com/ihorallin/bookings/internal/handlers/handlers.go:281.79,284.16 2 1
github.com/ihorallin/bookings/internal/handlers/handlers.go:284.16,295.3 5 1
github.com/ihorallin/bookings/internal/handlers/handlers.go:297.2,307.16 8 1
github.com/ihorallin/bookings/internal/handlers/handlers.go:307.16,318.3 5 1
github.com/ihorallin/bookings/internal/handlers/handlers.go:319.2,332.14 4 1
github.com/ihorallin/bookings/internal/handlers/handlers.go:337.70,339.2 1 1
github.com/ihorallin/bookings/internal/handlers/handlers.go:342.81,344.9 2 1
github.com/ihorallin/bookings/internal/handlers/handlers.go:344.9,348.3 3 1
github.com/ihorallin/bookings/internal/handlers/handlers.go:350.2,364.4 9 1
github.com/ihorallin/bookings/internal/handlers/handlers.go:368.73,372.16 3 0
github.com/ihorallin/bookings/internal/handlers/handlers.go:372.16,376.3 3 0
github.com/ihorallin/bookings/internal/handlers/handlers.go:378.2,379.9 2 0
github.com/ihorallin/bookings/internal/handlers/handlers.go:379.9,383.3 3 0
github.com/ihorallin/bookings/internal/handlers/handlers.go:385.2,389.63 3 0
github.com/ihorallin/bookings/internal/handlers/handlers.go:394.71,406.16 9 0
github.com/ihorallin/bookings/internal/handlers/handlers.go:406.16,410.3 3 0
github.com/ihorallin/bookings/internal/handlers/handlers.go:412.2,419.63 6 0
